/*C3*/SET SCHEMA PUBLIC
INSERT INTO PATIENT VALUES(17,'ABDELALI','AIT MHAMED OU AHMED','1994-08-26',3,'200')
COMMIT
DELETE FROM PATIENT WHERE PID=17
INSERT INTO PATIENT VALUES(17,'ABDELALI','AIT MHAMED OU AHMED','1994-08-26',3,'500')
COMMIT
DELETE FROM PATIENT WHERE PID=17
INSERT INTO PATIENT VALUES(17,'ABDELALI','AIT MHAMED OU AHMED','1994-08-26',5,'500')
COMMIT
DELETE FROM PATIENT WHERE PID=17
INSERT INTO PATIENT VALUES(17,'ABDELALI','AIT MHAMED OU AHMED','1996-08-26',5,'500')
COMMIT
DELETE FROM PATIENT WHERE PID=17
INSERT INTO PATIENT VALUES(17,'Abdelali','AIT MHAMED OU AHMED','1996-08-26',5,'500')
COMMIT
DELETE FROM PATIENT WHERE PID=17
INSERT INTO PATIENT VALUES(17,'Abdelali','Ait Mhamed ou Ahmed','1996-08-26',5,'500')
COMMIT
DELETE FROM PATIENT WHERE PID=17
COMMIT
